[2015-04-27 13:06:19] production.ERROR: exception 'ErrorException' with message 'Trying to get property of non-object' in C:\xampp\htdocs\offitec\app\storage\views\b1147ba1be3ebd605c0726d7098ed051:39
Stack trace:
#0 C:\xampp\htdocs\offitec\app\storage\views\b1147ba1be3ebd605c0726d7098ed051(39): Illuminate\Exception\Handler->handleError(8, 'Trying to get p...', 'C:\\xampp\\htdocs...', 39, Array)
#1 C:\xampp\htdocs\offitec\bootstrap\compiled.php(9868): include('C:\\xampp\\htdocs...')
#2 C:\xampp\htdocs\offitec\vendor\laravel\framework\src\Illuminate\View\Engines\CompilerEngine.php(56): Illuminate\View\Engines\PhpEngine->evaluatePath('C:\\xampp\\htdocs...', Array)
#3 C:\xampp\htdocs\offitec\bootstrap\compiled.php(9746): Illuminate\View\Engines\CompilerEngine->get('C:\\xampp\\htdocs...', Array)
#4 C:\xampp\htdocs\offitec\bootstrap\compiled.php(9733): Illuminate\View\View->getContents()
#5 C:\xampp\htdocs\offitec\bootstrap\compiled.php(9724): Illuminate\View\View->renderContents()
#6 C:\xampp\htdocs\offitec\app\storage\views\693da7c0a2896c8bf732a06b4d991e48(39): Illuminate\View\View->render()
#7 C:\xampp\htdocs\offitec\bootstrap\compiled.php(9868): include('C:\\xampp\\htdocs...')
#8 C:\xampp\htdocs\offitec\vendor\laravel\framework\src\Illuminate\View\Engines\CompilerEngine.php(56): Illuminate\View\Engines\PhpEngine->evaluatePath('C:\\xampp\\htdocs...', Array)
#9 C:\xampp\htdocs\offitec\bootstrap\compiled.php(9746): Illuminate\View\Engines\CompilerEngine->get('C:\\xampp\\htdocs...', Array)
#10 C:\xampp\htdocs\offitec\bootstrap\compiled.php(9733): Illuminate\View\View->getContents()
#11 C:\xampp\htdocs\offitec\bootstrap\compiled.php(9724): Illuminate\View\View->renderContents()
#12 C:\xampp\htdocs\offitec\app\storage\views\876a4ae96c1d8adff622eed88cf3e919(49): Illuminate\View\View->render()
#13 C:\xampp\htdocs\offitec\bootstrap\compiled.php(9868): include('C:\\xampp\\htdocs...')
#14 C:\xampp\htdocs\offitec\vendor\laravel\framework\src\Illuminate\View\Engines\CompilerEngine.php(56): Illuminate\View\Engines\PhpEngine->evaluatePath('C:\\xampp\\htdocs...', Array)
#15 C:\xampp\htdocs\offitec\bootstrap\compiled.php(9746): Illuminate\View\Engines\CompilerEngine->get('C:\\xampp\\htdocs...', Array)
#16 C:\xampp\htdocs\offitec\bootstrap\compiled.php(9733): Illuminate\View\View->getContents()
#17 C:\xampp\htdocs\offitec\bootstrap\compiled.php(9724): Illuminate\View\View->renderContents()
#18 C:\xampp\htdocs\offitec\bootstrap\compiled.php(10426): Illuminate\View\View->render()
#19 C:\xampp\htdocs\offitec\bootstrap\compiled.php(9956): Illuminate\Http\Response->setContent(Object(Illuminate\View\View))
#20 C:\xampp\htdocs\offitec\bootstrap\compiled.php(5246): Symfony\Component\HttpFoundation\Response->__construct(Object(Illuminate\View\View))
#21 C:\xampp\htdocs\offitec\bootstrap\compiled.php(5055): Illuminate\Routing\Router->prepareResponse(Object(Illuminate\Http\Request), Object(Illuminate\View\View))
#22 C:\xampp\htdocs\offitec\bootstrap\compiled.php(5041): Illuminate\Routing\Router->dispatchToRoute(Object(Illuminate\Http\Request))
#23 C:\xampp\htdocs\offitec\bootstrap\compiled.php(715): Illuminate\Routing\Router->dispatch(Object(Illuminate\Http\Request))
#24 C:\xampp\htdocs\offitec\bootstrap\compiled.php(696): Illuminate\Foundation\Application->dispatch(Object(Illuminate\Http\Request))
#25 C:\xampp\htdocs\offitec\bootstrap\compiled.php(7813): Illuminate\Foundation\Application->handle(Object(Illuminate\Http\Request), 1, true)
#26 C:\xampp\htdocs\offitec\bootstrap\compiled.php(8420): Illuminate\Session\Middleware->handle(Object(Illuminate\Http\Request), 1, true)
#27 C:\xampp\htdocs\offitec\bootstrap\compiled.php(8367): Illuminate\Cookie\Queue->handle(Object(Illuminate\Http\Request), 1, true)
#28 C:\xampp\htdocs\offitec\bootstrap\compiled.php(11030): Illuminate\Cookie\Guard->handle(Object(Illuminate\Http\Request), 1, true)
#29 C:\xampp\htdocs\offitec\bootstrap\compiled.php(657): Stack\StackedHttpKernel->handle(Object(Illuminate\Http\Request))
#30 C:\xampp\htdocs\offitec\public\index.php(49): Illuminate\Foundation\Application->run()
#31 {main}

Next exception 'ErrorException' with message 'Trying to get property of non-object (View: C:\xampp\htdocs\offitec\app\views\producto\listado.blade.php)' in C:\xampp\htdocs\offitec\app\storage\views\b1147ba1be3ebd605c0726d7098ed051:39
Stack trace:
#0 C:\xampp\htdocs\offitec\bootstrap\compiled.php(9870): Illuminate\View\Engines\CompilerEngine->handleViewException(Object(ErrorException), 1)
#1 C:\xampp\htdocs\offitec\vendor\laravel\framework\src\Illuminate\View\Engines\CompilerEngine.php(56): Illuminate\View\Engines\PhpEngine->evaluatePath('C:\\xampp\\htdocs...', Array)
#2 C:\xampp\htdocs\offitec\bootstrap\compiled.php(9746): Illuminate\View\Engines\CompilerEngine->get('C:\\xampp\\htdocs...', Array)
#3 C:\xampp\htdocs\offitec\bootstrap\compiled.php(9733): Illuminate\View\View->getContents()
#4 C:\xampp\htdocs\offitec\bootstrap\compiled.php(9724): Illuminate\View\View->renderContents()
#5 C:\xampp\htdocs\offitec\app\storage\views\693da7c0a2896c8bf732a06b4d991e48(39): Illuminate\View\View->render()
#6 C:\xampp\htdocs\offitec\bootstrap\compiled.php(9868): include('C:\\xampp\\htdocs...')
#7 C:\xampp\htdocs\offitec\vendor\laravel\framework\src\Illuminate\View\Engines\CompilerEngine.php(56): Illuminate\View\Engines\PhpEngine->evaluatePath('C:\\xampp\\htdocs...', Array)
#8 C:\xampp\htdocs\offitec\bootstrap\compiled.php(9746): Illuminate\View\Engines\CompilerEngine->get('C:\\xampp\\htdocs...', Array)
#9 C:\xampp\htdocs\offitec\bootstrap\compiled.php(9733): Illuminate\View\View->getContents()
#10 C:\xampp\htdocs\offitec\bootstrap\compiled.php(9724): Illuminate\View\View->renderContents()
#11 C:\xampp\htdocs\offitec\app\storage\views\876a4ae96c1d8adff622eed88cf3e919(49): Illuminate\View\View->render()
#12 C:\xampp\htdocs\offitec\bootstrap\compiled.php(9868): include('C:\\xampp\\htdocs...')
#13 C:\xampp\htdocs\offitec\vendor\laravel\framework\src\Illuminate\View\Engines\CompilerEngine.php(56): Illuminate\View\Engines\PhpEngine->evaluatePath('C:\\xampp\\htdocs...', Array)
#14 C:\xampp\htdocs\offitec\bootstrap\compiled.php(9746): Illuminate\View\Engines\CompilerEngine->get('C:\\xampp\\htdocs...', Array)
#15 C:\xampp\htdocs\offitec\bootstrap\compiled.php(9733): Illuminate\View\View->getContents()
#16 C:\xampp\htdocs\offitec\bootstrap\compiled.php(9724): Illuminate\View\View->renderContents()
#17 C:\xampp\htdocs\offitec\bootstrap\compiled.php(10426): Illuminate\View\View->render()
#18 C:\xampp\htdocs\offitec\bootstrap\compiled.php(9956): Illuminate\Http\Response->setContent(Object(Illuminate\View\View))
#19 C:\xampp\htdocs\offitec\bootstrap\compiled.php(5246): Symfony\Component\HttpFoundation\Response->__construct(Object(Illuminate\View\View))
#20 C:\xampp\htdocs\offitec\bootstrap\compiled.php(5055): Illuminate\Routing\Router->prepareResponse(Object(Illuminate\Http\Request), Object(Illuminate\View\View))
#21 C:\xampp\htdocs\offitec\bootstrap\compiled.php(5041): Illuminate\Routing\Router->dispatchToRoute(Object(Illuminate\Http\Request))
#22 C:\xampp\htdocs\offitec\bootstrap\compiled.php(715): Illuminate\Routing\Router->dispatch(Object(Illuminate\Http\Request))
#23 C:\xampp\htdocs\offitec\bootstrap\compiled.php(696): Illuminate\Foundation\Application->dispatch(Object(Illuminate\Http\Request))
#24 C:\xampp\htdocs\offitec\bootstrap\compiled.php(7813): Illuminate\Foundation\Application->handle(Object(Illuminate\Http\Request), 1, true)
#25 C:\xampp\htdocs\offitec\bootstrap\compiled.php(8420): Illuminate\Session\Middleware->handle(Object(Illuminate\Http\Request), 1, true)
#26 C:\xampp\htdocs\offitec\bootstrap\compiled.php(8367): Illuminate\Cookie\Queue->handle(Object(Illuminate\Http\Request), 1, true)
#27 C:\xampp\htdocs\offitec\bootstrap\compiled.php(11030): Illuminate\Cookie\Guard->handle(Object(Illuminate\Http\Request), 1, true)
#28 C:\xampp\htdocs\offitec\bootstrap\compiled.php(657): Stack\StackedHttpKernel->handle(Object(Illuminate\Http\Request))
#29 C:\xampp\htdocs\offitec\public\index.php(49): Illuminate\Foundation\Application->run()
#30 {main}

Next exception 'ErrorException' with message 'Trying to get property of non-object (View: C:\xampp\htdocs\offitec\app\views\producto\listado.blade.php) (View: C:\xampp\htdocs\offitec\app\views\producto\listado.blade.php)' in C:\xampp\htdocs\offitec\app\storage\views\b1147ba1be3ebd605c0726d7098ed051:39
Stack trace:
#0 C:\xampp\htdocs\offitec\bootstrap\compiled.php(9870): Illuminate\View\Engines\CompilerEngine->handleViewException(Object(ErrorException), 1)
#1 C:\xampp\htdocs\offitec\vendor\laravel\framework\src\Illuminate\View\Engines\CompilerEngine.php(56): Illuminate\View\Engines\PhpEngine->evaluatePath('C:\\xampp\\htdocs...', Array)
#2 C:\xampp\htdocs\offitec\bootstrap\compiled.php(9746): Illuminate\View\Engines\CompilerEngine->get('C:\\xampp\\htdocs...', Array)
#3 C:\xampp\htdocs\offitec\bootstrap\compiled.php(9733): Illuminate\View\View->getContents()
#4 C:\xampp\htdocs\offitec\bootstrap\compiled.php(9724): Illuminate\View\View->renderContents()
#5 C:\xampp\htdocs\offitec\app\storage\views\876a4ae96c1d8adff622eed88cf3e919(49): Illuminate\View\View->render()
#6 C:\xampp\htdocs\offitec\bootstrap\compiled.php(9868): include('C:\\xampp\\htdocs...')
#7 C:\xampp\htdocs\offitec\vendor\laravel\framework\src\Illuminate\View\Engines\CompilerEngine.php(56): Illuminate\View\Engines\PhpEngine->evaluatePath('C:\\xampp\\htdocs...', Array)
#8 C:\xampp\htdocs\offitec\bootstrap\compiled.php(9746): Illuminate\View\Engines\CompilerEngine->get('C:\\xampp\\htdocs...', Array)
#9 C:\xampp\htdocs\offitec\bootstrap\compiled.php(9733): Illuminate\View\View->getContents()
#10 C:\xampp\htdocs\offitec\bootstrap\compiled.php(9724): Illuminate\View\View->renderContents()
#11 C:\xampp\htdocs\offitec\bootstrap\compiled.php(10426): Illuminate\View\View->render()
#12 C:\xampp\htdocs\offitec\bootstrap\compiled.php(9956): Illuminate\Http\Response->setContent(Object(Illuminate\View\View))
#13 C:\xampp\htdocs\offitec\bootstrap\compiled.php(5246): Symfony\Component\HttpFoundation\Response->__construct(Object(Illuminate\View\View))
#14 C:\xampp\htdocs\offitec\bootstrap\compiled.php(5055): Illuminate\Routing\Router->prepareResponse(Object(Illuminate\Http\Request), Object(Illuminate\View\View))
#15 C:\xampp\htdocs\offitec\bootstrap\compiled.php(5041): Illuminate\Routing\Router->dispatchToRoute(Object(Illuminate\Http\Request))
#16 C:\xampp\htdocs\offitec\bootstrap\compiled.php(715): Illuminate\Routing\Router->dispatch(Object(Illuminate\Http\Request))
#17 C:\xampp\htdocs\offitec\bootstrap\compiled.php(696): Illuminate\Foundation\Application->dispatch(Object(Illuminate\Http\Request))
#18 C:\xampp\htdocs\offitec\bootstrap\compiled.php(7813): Illuminate\Foundation\Application->handle(Object(Illuminate\Http\Request), 1, true)
#19 C:\xampp\htdocs\offitec\bootstrap\compiled.php(8420): Illuminate\Session\Middleware->handle(Object(Illuminate\Http\Request), 1, true)
#20 C:\xampp\htdocs\offitec\bootstrap\compiled.php(8367): Illuminate\Cookie\Queue->handle(Object(Illuminate\Http\Request), 1, true)
#21 C:\xampp\htdocs\offitec\bootstrap\compiled.php(11030): Illuminate\Cookie\Guard->handle(Object(Illuminate\Http\Request), 1, true)
#22 C:\xampp\htdocs\offitec\bootstrap\compiled.php(657): Stack\StackedHttpKernel->handle(Object(Illuminate\Http\Request))
#23 C:\xampp\htdocs\offitec\public\index.php(49): Illuminate\Foundation\Application->run()
#24 {main}

Next exception 'ErrorException' with message 'Trying to get property of non-object (View: C:\xampp\htdocs\offitec\app\views\producto\listado.blade.php) (View: C:\xampp\htdocs\offitec\app\views\producto\listado.blade.php) (View: C:\xampp\htdocs\offitec\app\views\producto\listado.blade.php)' in C:\xampp\htdocs\offitec\app\storage\views\b1147ba1be3ebd605c0726d7098ed051:39
Stack trace:
#0 C:\xampp\htdocs\offitec\bootstrap\compiled.php(9870): Illuminate\View\Engines\CompilerEngine->handleViewException(Object(ErrorException), 1)
#1 C:\xampp\htdocs\offitec\vendor\laravel\framework\src\Illuminate\View\Engines\CompilerEngine.php(56): Illuminate\View\Engines\PhpEngine->evaluatePath('C:\\xampp\\htdocs...', Array)
#2 C:\xampp\htdocs\offitec\bootstrap\compiled.php(9746): Illuminate\View\Engines\CompilerEngine->get('C:\\xampp\\htdocs...', Array)
#3 C:\xampp\htdocs\offitec\bootstrap\compiled.php(9733): Illuminate\View\View->getContents()
#4 C:\xampp\htdocs\offitec\bootstrap\compiled.php(9724): Illuminate\View\View->renderContents()
#5 C:\xampp\htdocs\offitec\bootstrap\compiled.php(10426): Illuminate\View\View->render()
#6 C:\xampp\htdocs\offitec\bootstrap\compiled.php(9956): Illuminate\Http\Response->setContent(Object(Illuminate\View\View))
#7 C:\xampp\htdocs\offitec\bootstrap\compiled.php(5246): Symfony\Component\HttpFoundation\Response->__construct(Object(Illuminate\View\View))
#8 C:\xampp\htdocs\offitec\bootstrap\compiled.php(5055): Illuminate\Routing\Router->prepareResponse(Object(Illuminate\Http\Request), Object(Illuminate\View\View))
#9 C:\xampp\htdocs\offitec\bootstrap\compiled.php(5041): Illuminate\Routing\Router->dispatchToRoute(Object(Illuminate\Http\Request))
#10 C:\xampp\htdocs\offitec\bootstrap\compiled.php(715): Illuminate\Routing\Router->dispatch(Object(Illuminate\Http\Request))
#11 C:\xampp\htdocs\offitec\bootstrap\compiled.php(696): Illuminate\Foundation\Application->dispatch(Object(Illuminate\Http\Request))
#12 C:\xampp\htdocs\offitec\bootstrap\compiled.php(7813): Illuminate\Foundation\Application->handle(Object(Illuminate\Http\Request), 1, true)
#13 C:\xampp\htdocs\offitec\bootstrap\compiled.php(8420): Illuminate\Session\Middleware->handle(Object(Illuminate\Http\Request), 1, true)
#14 C:\xampp\htdocs\offitec\bootstrap\compiled.php(8367): Illuminate\Cookie\Queue->handle(Object(Illuminate\Http\Request), 1, true)
#15 C:\xampp\htdocs\offitec\bootstrap\compiled.php(11030): Illuminate\Cookie\Guard->handle(Object(Illuminate\Http\Request), 1, true)
#16 C:\xampp\htdocs\offitec\bootstrap\compiled.php(657): Stack\StackedHttpKernel->handle(Object(Illuminate\Http\Request))
#17 C:\xampp\htdocs\offitec\public\index.php(49): Illuminate\Foundation\Application->run()
#18 {main} [] []
[2015-04-27 13:06:36] production.ERROR: exception 'ErrorException' with message 'Trying to get property of non-object' in C:\xampp\htdocs\offitec\app\storage\views\b1147ba1be3ebd605c0726d7098ed051:39
Stack trace:
#0 C:\xampp\htdocs\offitec\app\storage\views\b1147ba1be3ebd605c0726d7098ed051(39): Illuminate\Exception\Handler->handleError(8, 'Trying to get p...', 'C:\\xampp\\htdocs...', 39, Array)
#1 C:\xampp\htdocs\offitec\bootstrap\compiled.php(9868): include('C:\\xampp\\htdocs...')
#2 C:\xampp\htdocs\offitec\vendor\laravel\framework\src\Illuminate\View\Engines\CompilerEngine.php(56): Illuminate\View\Engines\PhpEngine->evaluatePath('C:\\xampp\\htdocs...', Array)
#3 C:\xampp\htdocs\offitec\bootstrap\compiled.php(9746): Illuminate\View\Engines\CompilerEngine->get('C:\\xampp\\htdocs...', Array)
#4 C:\xampp\htdocs\offitec\bootstrap\compiled.php(9733): Illuminate\View\View->getContents()
#5 C:\xampp\htdocs\offitec\bootstrap\compiled.php(9724): Illuminate\View\View->renderContents()
#6 C:\xampp\htdocs\offitec\app\storage\views\693da7c0a2896c8bf732a06b4d991e48(39): Illuminate\View\View->render()
#7 C:\xampp\htdocs\offitec\bootstrap\compiled.php(9868): include('C:\\xampp\\htdocs...')
#8 C:\xampp\htdocs\offitec\vendor\laravel\framework\src\Illuminate\View\Engines\CompilerEngine.php(56): Illuminate\View\Engines\PhpEngine->evaluatePath('C:\\xampp\\htdocs...', Array)
#9 C:\xampp\htdocs\offitec\bootstrap\compiled.php(9746): Illuminate\View\Engines\CompilerEngine->get('C:\\xampp\\htdocs...', Array)
#10 C:\xampp\htdocs\offitec\bootstrap\compiled.php(9733): Illuminate\View\View->getContents()
#11 C:\xampp\htdocs\offitec\bootstrap\compiled.php(9724): Illuminate\View\View->renderContents()
#12 C:\xampp\htdocs\offitec\app\storage\views\876a4ae96c1d8adff622eed88cf3e919(49): Illuminate\View\View->render()
#13 C:\xampp\htdocs\offitec\bootstrap\compiled.php(9868): include('C:\\xampp\\htdocs...')
#14 C:\xampp\htdocs\offitec\vendor\laravel\framework\src\Illuminate\View\Engines\CompilerEngine.php(56): Illuminate\View\Engines\PhpEngine->evaluatePath('C:\\xampp\\htdocs...', Array)
#15 C:\xampp\htdocs\offitec\bootstrap\compiled.php(9746): Illuminate\View\Engines\CompilerEngine->get('C:\\xampp\\htdocs...', Array)
#16 C:\xampp\htdocs\offitec\bootstrap\compiled.php(9733): Illuminate\View\View->getContents()
#17 C:\xampp\htdocs\offitec\bootstrap\compiled.php(9724): Illuminate\View\View->renderContents()
#18 C:\xampp\htdocs\offitec\bootstrap\compiled.php(10426): Illuminate\View\View->render()
#19 C:\xampp\htdocs\offitec\bootstrap\compiled.php(9956): Illuminate\Http\Response->setContent(Object(Illuminate\View\View))
#20 C:\xampp\htdocs\offitec\bootstrap\compiled.php(5246): Symfony\Component\HttpFoundation\Response->__construct(Object(Illuminate\View\View))
#21 C:\xampp\htdocs\offitec\bootstrap\compiled.php(5055): Illuminate\Routing\Router->prepareResponse(Object(Illuminate\Http\Request), Object(Illuminate\View\View))
#22 C:\xampp\htdocs\offitec\bootstrap\compiled.php(5041): Illuminate\Routing\Router->dispatchToRoute(Object(Illuminate\Http\Request))
#23 C:\xampp\htdocs\offitec\bootstrap\compiled.php(715): Illuminate\Routing\Router->dispatch(Object(Illuminate\Http\Request))
#24 C:\xampp\htdocs\offitec\bootstrap\compiled.php(696): Illuminate\Foundation\Application->dispatch(Object(Illuminate\Http\Request))
#25 C:\xampp\htdocs\offitec\bootstrap\compiled.php(7813): Illuminate\Foundation\Application->handle(Object(Illuminate\Http\Request), 1, true)
#26 C:\xampp\htdocs\offitec\bootstrap\compiled.php(8420): Illuminate\Session\Middleware->handle(Object(Illuminate\Http\Request), 1, true)
#27 C:\xampp\htdocs\offitec\bootstrap\compiled.php(8367): Illuminate\Cookie\Queue->handle(Object(Illuminate\Http\Request), 1, true)
#28 C:\xampp\htdocs\offitec\bootstrap\compiled.php(11030): Illuminate\Cookie\Guard->handle(Object(Illuminate\Http\Request), 1, true)
#29 C:\xampp\htdocs\offitec\bootstrap\compiled.php(657): Stack\StackedHttpKernel->handle(Object(Illuminate\Http\Request))
#30 C:\xampp\htdocs\offitec\public\index.php(49): Illuminate\Foundation\Application->run()
#31 {main}

Next exception 'ErrorException' with message 'Trying to get property of non-object (View: C:\xampp\htdocs\offitec\app\views\producto\listado.blade.php)' in C:\xampp\htdocs\offitec\app\storage\views\b1147ba1be3ebd605c0726d7098ed051:39
Stack trace:
#0 C:\xampp\htdocs\offitec\bootstrap\compiled.php(9870): Illuminate\View\Engines\CompilerEngine->handleViewException(Object(ErrorException), 1)
#1 C:\xampp\htdocs\offitec\vendor\laravel\framework\src\Illuminate\View\Engines\CompilerEngine.php(56): Illuminate\View\Engines\PhpEngine->evaluatePath('C:\\xampp\\htdocs...', Array)
#2 C:\xampp\htdocs\offitec\bootstrap\compiled.php(9746): Illuminate\View\Engines\CompilerEngine->get('C:\\xampp\\htdocs...', Array)
#3 C:\xampp\htdocs\offitec\bootstrap\compiled.php(9733): Illuminate\View\View->getContents()
#4 C:\xampp\htdocs\offitec\bootstrap\compiled.php(9724): Illuminate\View\View->renderContents()
#5 C:\xampp\htdocs\offitec\app\storage\views\693da7c0a2896c8bf732a06b4d991e48(39): Illuminate\View\View->render()
#6 C:\xampp\htdocs\offitec\bootstrap\compiled.php(9868): include('C:\\xampp\\htdocs...')
#7 C:\xampp\htdocs\offitec\vendor\laravel\framework\src\Illuminate\View\Engines\CompilerEngine.php(56): Illuminate\View\Engines\PhpEngine->evaluatePath('C:\\xampp\\htdocs...', Array)
#8 C:\xampp\htdocs\offitec\bootstrap\compiled.php(9746): Illuminate\View\Engines\CompilerEngine->get('C:\\xampp\\htdocs...', Array)
#9 C:\xampp\htdocs\offitec\bootstrap\compiled.php(9733): Illuminate\View\View->getContents()
#10 C:\xampp\htdocs\offitec\bootstrap\compiled.php(9724): Illuminate\View\View->renderContents()
#11 C:\xampp\htdocs\offitec\app\storage\views\876a4ae96c1d8adff622eed88cf3e919(49): Illuminate\View\View->render()
#12 C:\xampp\htdocs\offitec\bootstrap\compiled.php(9868): include('C:\\xampp\\htdocs...')
#13 C:\xampp\htdocs\offitec\vendor\laravel\framework\src\Illuminate\View\Engines\CompilerEngine.php(56): Illuminate\View\Engines\PhpEngine->evaluatePath('C:\\xampp\\htdocs...', Array)
#14 C:\xampp\htdocs\offitec\bootstrap\compiled.php(9746): Illuminate\View\Engines\CompilerEngine->get('C:\\xampp\\htdocs...', Array)
#15 C:\xampp\htdocs\offitec\bootstrap\compiled.php(9733): Illuminate\View\View->getContents()
#16 C:\xampp\htdocs\offitec\bootstrap\compiled.php(9724): Illuminate\View\View->renderContents()
#17 C:\xampp\htdocs\offitec\bootstrap\compiled.php(10426): Illuminate\View\View->render()
#18 C:\xampp\htdocs\offitec\bootstrap\compiled.php(9956): Illuminate\Http\Response->setContent(Object(Illuminate\View\View))
#19 C:\xampp\htdocs\offitec\bootstrap\compiled.php(5246): Symfony\Component\HttpFoundation\Response->__construct(Object(Illuminate\View\View))
#20 C:\xampp\htdocs\offitec\bootstrap\compiled.php(5055): Illuminate\Routing\Router->prepareResponse(Object(Illuminate\Http\Request), Object(Illuminate\View\View))
#21 C:\xampp\htdocs\offitec\bootstrap\compiled.php(5041): Illuminate\Routing\Router->dispatchToRoute(Object(Illuminate\Http\Request))
#22 C:\xampp\htdocs\offitec\bootstrap\compiled.php(715): Illuminate\Routing\Router->dispatch(Object(Illuminate\Http\Request))
#23 C:\xampp\htdocs\offitec\bootstrap\compiled.php(696): Illuminate\Foundation\Application->dispatch(Object(Illuminate\Http\Request))
#24 C:\xampp\htdocs\offitec\bootstrap\compiled.php(7813): Illuminate\Foundation\Application->handle(Object(Illuminate\Http\Request), 1, true)
#25 C:\xampp\htdocs\offitec\bootstrap\compiled.php(8420): Illuminate\Session\Middleware->handle(Object(Illuminate\Http\Request), 1, true)
#26 C:\xampp\htdocs\offitec\bootstrap\compiled.php(8367): Illuminate\Cookie\Queue->handle(Object(Illuminate\Http\Request), 1, true)
#27 C:\xampp\htdocs\offitec\bootstrap\compiled.php(11030): Illuminate\Cookie\Guard->handle(Object(Illuminate\Http\Request), 1, true)
#28 C:\xampp\htdocs\offitec\bootstrap\compiled.php(657): Stack\StackedHttpKernel->handle(Object(Illuminate\Http\Request))
#29 C:\xampp\htdocs\offitec\public\index.php(49): Illuminate\Foundation\Application->run()
#30 {main}

Next exception 'ErrorException' with message 'Trying to get property of non-object (View: C:\xampp\htdocs\offitec\app\views\producto\listado.blade.php) (View: C:\xampp\htdocs\offitec\app\views\producto\listado.blade.php)' in C:\xampp\htdocs\offitec\app\storage\views\b1147ba1be3ebd605c0726d7098ed051:39
Stack trace:
#0 C:\xampp\htdocs\offitec\bootstrap\compiled.php(9870): Illuminate\View\Engines\CompilerEngine->handleViewException(Object(ErrorException), 1)
#1 C:\xampp\htdocs\offitec\vendor\laravel\framework\src\Illuminate\View\Engines\CompilerEngine.php(56): Illuminate\View\Engines\PhpEngine->evaluatePath('C:\\xampp\\htdocs...', Array)
#2 C:\xampp\htdocs\offitec\bootstrap\compiled.php(9746): Illuminate\View\Engines\CompilerEngine->get('C:\\xampp\\htdocs...', Array)
#3 C:\xampp\htdocs\offitec\bootstrap\compiled.php(9733): Illuminate\View\View->getContents()
#4 C:\xampp\htdocs\offitec\bootstrap\compiled.php(9724): Illuminate\View\View->renderContents()
#5 C:\xampp\htdocs\offitec\app\storage\views\876a4ae96c1d8adff622eed88cf3e919(49): Illuminate\View\View->render()
#6 C:\xampp\htdocs\offitec\bootstrap\compiled.php(9868): include('C:\\xampp\\htdocs...')
#7 C:\xampp\htdocs\offitec\vendor\laravel\framework\src\Illuminate\View\Engines\CompilerEngine.php(56): Illuminate\View\Engines\PhpEngine->evaluatePath('C:\\xampp\\htdocs...', Array)
#8 C:\xampp\htdocs\offitec\bootstrap\compiled.php(9746): Illuminate\View\Engines\CompilerEngine->get('C:\\xampp\\htdocs...', Array)
#9 C:\xampp\htdocs\offitec\bootstrap\compiled.php(9733): Illuminate\View\View->getContents()
#10 C:\xampp\htdocs\offitec\bootstrap\compiled.php(9724): Illuminate\View\View->renderContents()
#11 C:\xampp\htdocs\offitec\bootstrap\compiled.php(10426): Illuminate\View\View->render()
#12 C:\xampp\htdocs\offitec\bootstrap\compiled.php(9956): Illuminate\Http\Response->setContent(Object(Illuminate\View\View))
#13 C:\xampp\htdocs\offitec\bootstrap\compiled.php(5246): Symfony\Component\HttpFoundation\Response->__construct(Object(Illuminate\View\View))
#14 C:\xampp\htdocs\offitec\bootstrap\compiled.php(5055): Illuminate\Routing\Router->prepareResponse(Object(Illuminate\Http\Request), Object(Illuminate\View\View))
#15 C:\xampp\htdocs\offitec\bootstrap\compiled.php(5041): Illuminate\Routing\Router->dispatchToRoute(Object(Illuminate\Http\Request))
#16 C:\xampp\htdocs\offitec\bootstrap\compiled.php(715): Illuminate\Routing\Router->dispatch(Object(Illuminate\Http\Request))
#17 C:\xampp\htdocs\offitec\bootstrap\compiled.php(696): Illuminate\Foundation\Application->dispatch(Object(Illuminate\Http\Request))
#18 C:\xampp\htdocs\offitec\bootstrap\compiled.php(7813): Illuminate\Foundation\Application->handle(Object(Illuminate\Http\Request), 1, true)
#19 C:\xampp\htdocs\offitec\bootstrap\compiled.php(8420): Illuminate\Session\Middleware->handle(Object(Illuminate\Http\Request), 1, true)
#20 C:\xampp\htdocs\offitec\bootstrap\compiled.php(8367): Illuminate\Cookie\Queue->handle(Object(Illuminate\Http\Request), 1, true)
#21 C:\xampp\htdocs\offitec\bootstrap\compiled.php(11030): Illuminate\Cookie\Guard->handle(Object(Illuminate\Http\Request), 1, true)
#22 C:\xampp\htdocs\offitec\bootstrap\compiled.php(657): Stack\StackedHttpKernel->handle(Object(Illuminate\Http\Request))
#23 C:\xampp\htdocs\offitec\public\index.php(49): Illuminate\Foundation\Application->run()
#24 {main}

Next exception 'ErrorException' with message 'Trying to get property of non-object (View: C:\xampp\htdocs\offitec\app\views\producto\listado.blade.php) (View: C:\xampp\htdocs\offitec\app\views\producto\listado.blade.php) (View: C:\xampp\htdocs\offitec\app\views\producto\listado.blade.php)' in C:\xampp\htdocs\offitec\app\storage\views\b1147ba1be3ebd605c0726d7098ed051:39
Stack trace:
#0 C:\xampp\htdocs\offitec\bootstrap\compiled.php(9870): Illuminate\View\Engines\CompilerEngine->handleViewException(Object(ErrorException), 1)
#1 C:\xampp\htdocs\offitec\vendor\laravel\framework\src\Illuminate\View\Engines\CompilerEngine.php(56): Illuminate\View\Engines\PhpEngine->evaluatePath('C:\\xampp\\htdocs...', Array)
#2 C:\xampp\htdocs\offitec\bootstrap\compiled.php(9746): Illuminate\View\Engines\CompilerEngine->get('C:\\xampp\\htdocs...', Array)
#3 C:\xampp\htdocs\offitec\bootstrap\compiled.php(9733): Illuminate\View\View->getContents()
#4 C:\xampp\htdocs\offitec\bootstrap\compiled.php(9724): Illuminate\View\View->renderContents()
#5 C:\xampp\htdocs\offitec\bootstrap\compiled.php(10426): Illuminate\View\View->render()
#6 C:\xampp\htdocs\offitec\bootstrap\compiled.php(9956): Illuminate\Http\Response->setContent(Object(Illuminate\View\View))
#7 C:\xampp\htdocs\offitec\bootstrap\compiled.php(5246): Symfony\Component\HttpFoundation\Response->__construct(Object(Illuminate\View\View))
#8 C:\xampp\htdocs\offitec\bootstrap\compiled.php(5055): Illuminate\Routing\Router->prepareResponse(Object(Illuminate\Http\Request), Object(Illuminate\View\View))
#9 C:\xampp\htdocs\offitec\bootstrap\compiled.php(5041): Illuminate\Routing\Router->dispatchToRoute(Object(Illuminate\Http\Request))
#10 C:\xampp\htdocs\offitec\bootstrap\compiled.php(715): Illuminate\Routing\Router->dispatch(Object(Illuminate\Http\Request))
#11 C:\xampp\htdocs\offitec\bootstrap\compiled.php(696): Illuminate\Foundation\Application->dispatch(Object(Illuminate\Http\Request))
#12 C:\xampp\htdocs\offitec\bootstrap\compiled.php(7813): Illuminate\Foundation\Application->handle(Object(Illuminate\Http\Request), 1, true)
#13 C:\xampp\htdocs\offitec\bootstrap\compiled.php(8420): Illuminate\Session\Middleware->handle(Object(Illuminate\Http\Request), 1, true)
#14 C:\xampp\htdocs\offitec\bootstrap\compiled.php(8367): Illuminate\Cookie\Queue->handle(Object(Illuminate\Http\Request), 1, true)
#15 C:\xampp\htdocs\offitec\bootstrap\compiled.php(11030): Illuminate\Cookie\Guard->handle(Object(Illuminate\Http\Request), 1, true)
#16 C:\xampp\htdocs\offitec\bootstrap\compiled.php(657): Stack\StackedHttpKernel->handle(Object(Illuminate\Http\Request))
#17 C:\xampp\htdocs\offitec\public\index.php(49): Illuminate\Foundation\Application->run()
#18 {main} [] []
[2015-04-27 13:07:11] production.ERROR: exception 'ErrorException' with message 'Undefined index: rowid' in C:\xampp\htdocs\offitec\app\storage\views\b1147ba1be3ebd605c0726d7098ed051:39
Stack trace:
#0 C:\xampp\htdocs\offitec\app\storage\views\b1147ba1be3ebd605c0726d7098ed051(39): Illuminate\Exception\Handler->handleError(8, 'Undefined index...', 'C:\\xampp\\htdocs...', 39, Array)
#1 C:\xampp\htdocs\offitec\bootstrap\compiled.php(9868): include('C:\\xampp\\htdocs...')
#2 C:\xampp\htdocs\offitec\vendor\laravel\framework\src\Illuminate\View\Engines\CompilerEngine.php(56): Illuminate\View\Engines\PhpEngine->evaluatePath('C:\\xampp\\htdocs...', Array)
#3 C:\xampp\htdocs\offitec\bootstrap\compiled.php(9746): Illuminate\View\Engines\CompilerEngine->get('C:\\xampp\\htdocs...', Array)
#4 C:\xampp\htdocs\offitec\bootstrap\compiled.php(9733): Illuminate\View\View->getContents()
#5 C:\xampp\htdocs\offitec\bootstrap\compiled.php(9724): Illuminate\View\View->renderContents()
#6 C:\xampp\htdocs\offitec\app\storage\views\693da7c0a2896c8bf732a06b4d991e48(39): Illuminate\View\View->render()
#7 C:\xampp\htdocs\offitec\bootstrap\compiled.php(9868): include('C:\\xampp\\htdocs...')
#8 C:\xampp\htdocs\offitec\vendor\laravel\framework\src\Illuminate\View\Engines\CompilerEngine.php(56): Illuminate\View\Engines\PhpEngine->evaluatePath('C:\\xampp\\htdocs...', Array)
#9 C:\xampp\htdocs\offitec\bootstrap\compiled.php(9746): Illuminate\View\Engines\CompilerEngine->get('C:\\xampp\\htdocs...', Array)
#10 C:\xampp\htdocs\offitec\bootstrap\compiled.php(9733): Illuminate\View\View->getContents()
#11 C:\xampp\htdocs\offitec\bootstrap\compiled.php(9724): Illuminate\View\View->renderContents()
#12 C:\xampp\htdocs\offitec\app\storage\views\876a4ae96c1d8adff622eed88cf3e919(49): Illuminate\View\View->render()
#13 C:\xampp\htdocs\offitec\bootstrap\compiled.php(9868): include('C:\\xampp\\htdocs...')
#14 C:\xampp\htdocs\offitec\vendor\laravel\framework\src\Illuminate\View\Engines\CompilerEngine.php(56): Illuminate\View\Engines\PhpEngine->evaluatePath('C:\\xampp\\htdocs...', Array)
#15 C:\xampp\htdocs\offitec\bootstrap\compiled.php(9746): Illuminate\View\Engines\CompilerEngine->get('C:\\xampp\\htdocs...', Array)
#16 C:\xampp\htdocs\offitec\bootstrap\compiled.php(9733): Illuminate\View\View->getContents()
#17 C:\xampp\htdocs\offitec\bootstrap\compiled.php(9724): Illuminate\View\View->renderContents()
#18 C:\xampp\htdocs\offitec\bootstrap\compiled.php(10426): Illuminate\View\View->render()
#19 C:\xampp\htdocs\offitec\bootstrap\compiled.php(9956): Illuminate\Http\Response->setContent(Object(Illuminate\View\View))
#20 C:\xampp\htdocs\offitec\bootstrap\compiled.php(5246): Symfony\Component\HttpFoundation\Response->__construct(Object(Illuminate\View\View))
#21 C:\xampp\htdocs\offitec\bootstrap\compiled.php(5055): Illuminate\Routing\Router->prepareResponse(Object(Illuminate\Http\Request), Object(Illuminate\View\View))
#22 C:\xampp\htdocs\offitec\bootstrap\compiled.php(5041): Illuminate\Routing\Router->dispatchToRoute(Object(Illuminate\Http\Request))
#23 C:\xampp\htdocs\offitec\bootstrap\compiled.php(715): Illuminate\Routing\Router->dispatch(Object(Illuminate\Http\Request))
#24 C:\xampp\htdocs\offitec\bootstrap\compiled.php(696): Illuminate\Foundation\Application->dispatch(Object(Illuminate\Http\Request))
#25 C:\xampp\htdocs\offitec\bootstrap\compiled.php(7813): Illuminate\Foundation\Application->handle(Object(Illuminate\Http\Request), 1, true)
#26 C:\xampp\htdocs\offitec\bootstrap\compiled.php(8420): Illuminate\Session\Middleware->handle(Object(Illuminate\Http\Request), 1, true)
#27 C:\xampp\htdocs\offitec\bootstrap\compiled.php(8367): Illuminate\Cookie\Queue->handle(Object(Illuminate\Http\Request), 1, true)
#28 C:\xampp\htdocs\offitec\bootstrap\compiled.php(11030): Illuminate\Cookie\Guard->handle(Object(Illuminate\Http\Request), 1, true)
#29 C:\xampp\htdocs\offitec\bootstrap\compiled.php(657): Stack\StackedHttpKernel->handle(Object(Illuminate\Http\Request))
#30 C:\xampp\htdocs\offitec\public\index.php(49): Illuminate\Foundation\Application->run()
#31 {main}

Next exception 'ErrorException' with message 'Undefined index: rowid (View: C:\xampp\htdocs\offitec\app\views\producto\listado.blade.php)' in C:\xampp\htdocs\offitec\app\storage\views\b1147ba1be3ebd605c0726d7098ed051:39
Stack trace:
#0 C:\xampp\htdocs\offitec\bootstrap\compiled.php(9870): Illuminate\View\Engines\CompilerEngine->handleViewException(Object(ErrorException), 1)
#1 C:\xampp\htdocs\offitec\vendor\laravel\framework\src\Illuminate\View\Engines\CompilerEngine.php(56): Illuminate\View\Engines\PhpEngine->evaluatePath('C:\\xampp\\htdocs...', Array)
#2 C:\xampp\htdocs\offitec\bootstrap\compiled.php(9746): Illuminate\View\Engines\CompilerEngine->get('C:\\xampp\\htdocs...', Array)
#3 C:\xampp\htdocs\offitec\bootstrap\compiled.php(9733): Illuminate\View\View->getContents()
#4 C:\xampp\htdocs\offitec\bootstrap\compiled.php(9724): Illuminate\View\View->renderContents()
#5 C:\xampp\htdocs\offitec\app\storage\views\693da7c0a2896c8bf732a06b4d991e48(39): Illuminate\View\View->render()
#6 C:\xampp\htdocs\offitec\bootstrap\compiled.php(9868): include('C:\\xampp\\htdocs...')
#7 C:\xampp\htdocs\offitec\vendor\laravel\framework\src\Illuminate\View\Engines\CompilerEngine.php(56): Illuminate\View\Engines\PhpEngine->evaluatePath('C:\\xampp\\htdocs...', Array)
#8 C:\xampp\htdocs\offitec\bootstrap\compiled.php(9746): Illuminate\View\Engines\CompilerEngine->get('C:\\xampp\\htdocs...', Array)
#9 C:\xampp\htdocs\offitec\bootstrap\compiled.php(9733): Illuminate\View\View->getContents()
#10 C:\xampp\htdocs\offitec\bootstrap\compiled.php(9724): Illuminate\View\View->renderContents()
#11 C:\xampp\htdocs\offitec\app\storage\views\876a4ae96c1d8adff622eed88cf3e919(49): Illuminate\View\View->render()
#12 C:\xampp\htdocs\offitec\bootstrap\compiled.php(9868): include('C:\\xampp\\htdocs...')
#13 C:\xampp\htdocs\offitec\vendor\laravel\framework\src\Illuminate\View\Engines\CompilerEngine.php(56): Illuminate\View\Engines\PhpEngine->evaluatePath('C:\\xampp\\htdocs...', Array)
#14 C:\xampp\htdocs\offitec\bootstrap\compiled.php(9746): Illuminate\View\Engines\CompilerEngine->get('C:\\xampp\\htdocs...', Array)
#15 C:\xampp\htdocs\offitec\bootstrap\compiled.php(9733): Illuminate\View\View->getContents()
#16 C:\xampp\htdocs\offitec\bootstrap\compiled.php(9724): Illuminate\View\View->renderContents()
#17 C:\xampp\htdocs\offitec\bootstrap\compiled.php(10426): Illuminate\View\View->render()
#18 C:\xampp\htdocs\offitec\bootstrap\compiled.php(9956): Illuminate\Http\Response->setContent(Object(Illuminate\View\View))
#19 C:\xampp\htdocs\offitec\bootstrap\compiled.php(5246): Symfony\Component\HttpFoundation\Response->__construct(Object(Illuminate\View\View))
#20 C:\xampp\htdocs\offitec\bootstrap\compiled.php(5055): Illuminate\Routing\Router->prepareResponse(Object(Illuminate\Http\Request), Object(Illuminate\View\View))
#21 C:\xampp\htdocs\offitec\bootstrap\compiled.php(5041): Illuminate\Routing\Router->dispatchToRoute(Object(Illuminate\Http\Request))
#22 C:\xampp\htdocs\offitec\bootstrap\compiled.php(715): Illuminate\Routing\Router->dispatch(Object(Illuminate\Http\Request))
#23 C:\xampp\htdocs\offitec\bootstrap\compiled.php(696): Illuminate\Foundation\Application->dispatch(Object(Illuminate\Http\Request))
#24 C:\xampp\htdocs\offitec\bootstrap\compiled.php(7813): Illuminate\Foundation\Application->handle(Object(Illuminate\Http\Request), 1, true)
#25 C:\xampp\htdocs\offitec\bootstrap\compiled.php(8420): Illuminate\Session\Middleware->handle(Object(Illuminate\Http\Request), 1, true)
#26 C:\xampp\htdocs\offitec\bootstrap\compiled.php(8367): Illuminate\Cookie\Queue->handle(Object(Illuminate\Http\Request), 1, true)
#27 C:\xampp\htdocs\offitec\bootstrap\compiled.php(11030): Illuminate\Cookie\Guard->handle(Object(Illuminate\Http\Request), 1, true)
#28 C:\xampp\htdocs\offitec\bootstrap\compiled.php(657): Stack\StackedHttpKernel->handle(Object(Illuminate\Http\Request))
#29 C:\xampp\htdocs\offitec\public\index.php(49): Illuminate\Foundation\Application->run()
#30 {main}

Next exception 'ErrorException' with message 'Undefined index: rowid (View: C:\xampp\htdocs\offitec\app\views\producto\listado.blade.php) (View: C:\xampp\htdocs\offitec\app\views\producto\listado.blade.php)' in C:\xampp\htdocs\offitec\app\storage\views\b1147ba1be3ebd605c0726d7098ed051:39
Stack trace:
#0 C:\xampp\htdocs\offitec\bootstrap\compiled.php(9870): Illuminate\View\Engines\CompilerEngine->handleViewException(Object(ErrorException), 1)
#1 C:\xampp\htdocs\offitec\vendor\laravel\framework\src\Illuminate\View\Engines\CompilerEngine.php(56): Illuminate\View\Engines\PhpEngine->evaluatePath('C:\\xampp\\htdocs...', Array)
#2 C:\xampp\htdocs\offitec\bootstrap\compiled.php(9746): Illuminate\View\Engines\CompilerEngine->get('C:\\xampp\\htdocs...', Array)
#3 C:\xampp\htdocs\offitec\bootstrap\compiled.php(9733): Illuminate\View\View->getContents()
#4 C:\xampp\htdocs\offitec\bootstrap\compiled.php(9724): Illuminate\View\View->renderContents()
#5 C:\xampp\htdocs\offitec\app\storage\views\876a4ae96c1d8adff622eed88cf3e919(49): Illuminate\View\View->render()
#6 C:\xampp\htdocs\offitec\bootstrap\compiled.php(9868): include('C:\\xampp\\htdocs...')
#7 C:\xampp\htdocs\offitec\vendor\laravel\framework\src\Illuminate\View\Engines\CompilerEngine.php(56): Illuminate\View\Engines\PhpEngine->evaluatePath('C:\\xampp\\htdocs...', Array)
#8 C:\xampp\htdocs\offitec\bootstrap\compiled.php(9746): Illuminate\View\Engines\CompilerEngine->get('C:\\xampp\\htdocs...', Array)
#9 C:\xampp\htdocs\offitec\bootstrap\compiled.php(9733): Illuminate\View\View->getContents()
#10 C:\xampp\htdocs\offitec\bootstrap\compiled.php(9724): Illuminate\View\View->renderContents()
#11 C:\xampp\htdocs\offitec\bootstrap\compiled.php(10426): Illuminate\View\View->render()
#12 C:\xampp\htdocs\offitec\bootstrap\compiled.php(9956): Illuminate\Http\Response->setContent(Object(Illuminate\View\View))
#13 C:\xampp\htdocs\offitec\bootstrap\compiled.php(5246): Symfony\Component\HttpFoundation\Response->__construct(Object(Illuminate\View\View))
#14 C:\xampp\htdocs\offitec\bootstrap\compiled.php(5055): Illuminate\Routing\Router->prepareResponse(Object(Illuminate\Http\Request), Object(Illuminate\View\View))
#15 C:\xampp\htdocs\offitec\bootstrap\compiled.php(5041): Illuminate\Routing\Router->dispatchToRoute(Object(Illuminate\Http\Request))
#16 C:\xampp\htdocs\offitec\bootstrap\compiled.php(715): Illuminate\Routing\Router->dispatch(Object(Illuminate\Http\Request))
#17 C:\xampp\htdocs\offitec\bootstrap\compiled.php(696): Illuminate\Foundation\Application->dispatch(Object(Illuminate\Http\Request))
#18 C:\xampp\htdocs\offitec\bootstrap\compiled.php(7813): Illuminate\Foundation\Application->handle(Object(Illuminate\Http\Request), 1, true)
#19 C:\xampp\htdocs\offitec\bootstrap\compiled.php(8420): Illuminate\Session\Middleware->handle(Object(Illuminate\Http\Request), 1, true)
#20 C:\xampp\htdocs\offitec\bootstrap\compiled.php(8367): Illuminate\Cookie\Queue->handle(Object(Illuminate\Http\Request), 1, true)
#21 C:\xampp\htdocs\offitec\bootstrap\compiled.php(11030): Illuminate\Cookie\Guard->handle(Object(Illuminate\Http\Request), 1, true)
#22 C:\xampp\htdocs\offitec\bootstrap\compiled.php(657): Stack\StackedHttpKernel->handle(Object(Illuminate\Http\Request))
#23 C:\xampp\htdocs\offitec\public\index.php(49): Illuminate\Foundation\Application->run()
#24 {main}

Next exception 'ErrorException' with message 'Undefined index: rowid (View: C:\xampp\htdocs\offitec\app\views\producto\listado.blade.php) (View: C:\xampp\htdocs\offitec\app\views\producto\listado.blade.php) (View: C:\xampp\htdocs\offitec\app\views\producto\listado.blade.php)' in C:\xampp\htdocs\offitec\app\storage\views\b1147ba1be3ebd605c0726d7098ed051:39
Stack trace:
#0 C:\xampp\htdocs\offitec\bootstrap\compiled.php(9870): Illuminate\View\Engines\CompilerEngine->handleViewException(Object(ErrorException), 1)
#1 C:\xampp\htdocs\offitec\vendor\laravel\framework\src\Illuminate\View\Engines\CompilerEngine.php(56): Illuminate\View\Engines\PhpEngine->evaluatePath('C:\\xampp\\htdocs...', Array)
#2 C:\xampp\htdocs\offitec\bootstrap\compiled.php(9746): Illuminate\View\Engines\CompilerEngine->get('C:\\xampp\\htdocs...', Array)
#3 C:\xampp\htdocs\offitec\bootstrap\compiled.php(9733): Illuminate\View\View->getContents()
#4 C:\xampp\htdocs\offitec\bootstrap\compiled.php(9724): Illuminate\View\View->renderContents()
#5 C:\xampp\htdocs\offitec\bootstrap\compiled.php(10426): Illuminate\View\View->render()
#6 C:\xampp\htdocs\offitec\bootstrap\compiled.php(9956): Illuminate\Http\Response->setContent(Object(Illuminate\View\View))
#7 C:\xampp\htdocs\offitec\bootstrap\compiled.php(5246): Symfony\Component\HttpFoundation\Response->__construct(Object(Illuminate\View\View))
#8 C:\xampp\htdocs\offitec\bootstrap\compiled.php(5055): Illuminate\Routing\Router->prepareResponse(Object(Illuminate\Http\Request), Object(Illuminate\View\View))
#9 C:\xampp\htdocs\offitec\bootstrap\compiled.php(5041): Illuminate\Routing\Router->dispatchToRoute(Object(Illuminate\Http\Request))
#10 C:\xampp\htdocs\offitec\bootstrap\compiled.php(715): Illuminate\Routing\Router->dispatch(Object(Illuminate\Http\Request))
#11 C:\xampp\htdocs\offitec\bootstrap\compiled.php(696): Illuminate\Foundation\Application->dispatch(Object(Illuminate\Http\Request))
#12 C:\xampp\htdocs\offitec\bootstrap\compiled.php(7813): Illuminate\Foundation\Application->handle(Object(Illuminate\Http\Request), 1, true)
#13 C:\xampp\htdocs\offitec\bootstrap\compiled.php(8420): Illuminate\Session\Middleware->handle(Object(Illuminate\Http\Request), 1, true)
#14 C:\xampp\htdocs\offitec\bootstrap\compiled.php(8367): Illuminate\Cookie\Queue->handle(Object(Illuminate\Http\Request), 1, true)
#15 C:\xampp\htdocs\offitec\bootstrap\compiled.php(11030): Illuminate\Cookie\Guard->handle(Object(Illuminate\Http\Request), 1, true)
#16 C:\xampp\htdocs\offitec\bootstrap\compiled.php(657): Stack\StackedHttpKernel->handle(Object(Illuminate\Http\Request))
#17 C:\xampp\htdocs\offitec\public\index.php(49): Illuminate\Foundation\Application->run()
#18 {main} [] []
[2015-04-27 13:07:41] production.ERROR: exception 'ErrorException' with message 'Array to string conversion' in C:\xampp\htdocs\offitec\app\storage\views\b1147ba1be3ebd605c0726d7098ed051:39
Stack trace:
#0 C:\xampp\htdocs\offitec\app\storage\views\b1147ba1be3ebd605c0726d7098ed051(39): Illuminate\Exception\Handler->handleError(8, 'Array to string...', 'C:\\xampp\\htdocs...', 39, Array)
#1 C:\xampp\htdocs\offitec\bootstrap\compiled.php(9868): include('C:\\xampp\\htdocs...')
#2 C:\xampp\htdocs\offitec\vendor\laravel\framework\src\Illuminate\View\Engines\CompilerEngine.php(56): Illuminate\View\Engines\PhpEngine->evaluatePath('C:\\xampp\\htdocs...', Array)
#3 C:\xampp\htdocs\offitec\bootstrap\compiled.php(9746): Illuminate\View\Engines\CompilerEngine->get('C:\\xampp\\htdocs...', Array)
#4 C:\xampp\htdocs\offitec\bootstrap\compiled.php(9733): Illuminate\View\View->getContents()
#5 C:\xampp\htdocs\offitec\bootstrap\compiled.php(9724): Illuminate\View\View->renderContents()
#6 C:\xampp\htdocs\offitec\app\storage\views\693da7c0a2896c8bf732a06b4d991e48(39): Illuminate\View\View->render()
#7 C:\xampp\htdocs\offitec\bootstrap\compiled.php(9868): include('C:\\xampp\\htdocs...')
#8 C:\xampp\htdocs\offitec\vendor\laravel\framework\src\Illuminate\View\Engines\CompilerEngine.php(56): Illuminate\View\Engines\PhpEngine->evaluatePath('C:\\xampp\\htdocs...', Array)
#9 C:\xampp\htdocs\offitec\bootstrap\compiled.php(9746): Illuminate\View\Engines\CompilerEngine->get('C:\\xampp\\htdocs...', Array)
#10 C:\xampp\htdocs\offitec\bootstrap\compiled.php(9733): Illuminate\View\View->getContents()
#11 C:\xampp\htdocs\offitec\bootstrap\compiled.php(9724): Illuminate\View\View->renderContents()
#12 C:\xampp\htdocs\offitec\app\storage\views\876a4ae96c1d8adff622eed88cf3e919(49): Illuminate\View\View->render()
#13 C:\xampp\htdocs\offitec\bootstrap\compiled.php(9868): include('C:\\xampp\\htdocs...')
#14 C:\xampp\htdocs\offitec\vendor\laravel\framework\src\Illuminate\View\Engines\CompilerEngine.php(56): Illuminate\View\Engines\PhpEngine->evaluatePath('C:\\xampp\\htdocs...', Array)
#15 C:\xampp\htdocs\offitec\bootstrap\compiled.php(9746): Illuminate\View\Engines\CompilerEngine->get('C:\\xampp\\htdocs...', Array)
#16 C:\xampp\htdocs\offitec\bootstrap\compiled.php(9733): Illuminate\View\View->getContents()
#17 C:\xampp\htdocs\offitec\bootstrap\compiled.php(9724): Illuminate\View\View->renderContents()
#18 C:\xampp\htdocs\offitec\bootstrap\compiled.php(10426): Illuminate\View\View->render()
#19 C:\xampp\htdocs\offitec\bootstrap\compiled.php(9956): Illuminate\Http\Response->setContent(Object(Illuminate\View\View))
#20 C:\xampp\htdocs\offitec\bootstrap\compiled.php(5246): Symfony\Component\HttpFoundation\Response->__construct(Object(Illuminate\View\View))
#21 C:\xampp\htdocs\offitec\bootstrap\compiled.php(5055): Illuminate\Routing\Router->prepareResponse(Object(Illuminate\Http\Request), Object(Illuminate\View\View))
#22 C:\xampp\htdocs\offitec\bootstrap\compiled.php(5041): Illuminate\Routing\Router->dispatchToRoute(Object(Illuminate\Http\Request))
#23 C:\xampp\htdocs\offitec\bootstrap\compiled.php(715): Illuminate\Routing\Router->dispatch(Object(Illuminate\Http\Request))
#24 C:\xampp\htdocs\offitec\bootstrap\compiled.php(696): Illuminate\Foundation\Application->dispatch(Object(Illuminate\Http\Request))
#25 C:\xampp\htdocs\offitec\bootstrap\compiled.php(7813): Illuminate\Foundation\Application->handle(Object(Illuminate\Http\Request), 1, true)
#26 C:\xampp\htdocs\offitec\bootstrap\compiled.php(8420): Illuminate\Session\Middleware->handle(Object(Illuminate\Http\Request), 1, true)
#27 C:\xampp\htdocs\offitec\bootstrap\compiled.php(8367): Illuminate\Cookie\Queue->handle(Object(Illuminate\Http\Request), 1, true)
#28 C:\xampp\htdocs\offitec\bootstrap\compiled.php(11030): Illuminate\Cookie\Guard->handle(Object(Illuminate\Http\Request), 1, true)
#29 C:\xampp\htdocs\offitec\bootstrap\compiled.php(657): Stack\StackedHttpKernel->handle(Object(Illuminate\Http\Request))
#30 C:\xampp\htdocs\offitec\public\index.php(49): Illuminate\Foundation\Application->run()
#31 {main}

Next exception 'ErrorException' with message 'Array to string conversion (View: C:\xampp\htdocs\offitec\app\views\producto\listado.blade.php)' in C:\xampp\htdocs\offitec\app\storage\views\b1147ba1be3ebd605c0726d7098ed051:39
Stack trace:
#0 C:\xampp\htdocs\offitec\bootstrap\compiled.php(9870): Illuminate\View\Engines\CompilerEngine->handleViewException(Object(ErrorException), 1)
#1 C:\xampp\htdocs\offitec\vendor\laravel\framework\src\Illuminate\View\Engines\CompilerEngine.php(56): Illuminate\View\Engines\PhpEngine->evaluatePath('C:\\xampp\\htdocs...', Array)
#2 C:\xampp\htdocs\offitec\bootstrap\compiled.php(9746): Illuminate\View\Engines\CompilerEngine->get('C:\\xampp\\htdocs...', Array)
#3 C:\xampp\htdocs\offitec\bootstrap\compiled.php(9733): Illuminate\View\View->getContents()
#4 C:\xampp\htdocs\offitec\bootstrap\compiled.php(9724): Illuminate\View\View->renderContents()
#5 C:\xampp\htdocs\offitec\app\storage\views\693da7c0a2896c8bf732a06b4d991e48(39): Illuminate\View\View->render()
#6 C:\xampp\htdocs\offitec\bootstrap\compiled.php(9868): include('C:\\xampp\\htdocs...')
#7 C:\xampp\htdocs\offitec\vendor\laravel\framework\src\Illuminate\View\Engines\CompilerEngine.php(56): Illuminate\View\Engines\PhpEngine->evaluatePath('C:\\xampp\\htdocs...', Array)
#8 C:\xampp\htdocs\offitec\bootstrap\compiled.php(9746): Illuminate\View\Engines\CompilerEngine->get('C:\\xampp\\htdocs...', Array)
#9 C:\xampp\htdocs\offitec\bootstrap\compiled.php(9733): Illuminate\View\View->getContents()
#10 C:\xampp\htdocs\offitec\bootstrap\compiled.php(9724): Illuminate\View\View->renderContents()
#11 C:\xampp\htdocs\offitec\app\storage\views\876a4ae96c1d8adff622eed88cf3e919(49): Illuminate\View\View->render()
#12 C:\xampp\htdocs\offitec\bootstrap\compiled.php(9868): include('C:\\xampp\\htdocs...')
#13 C:\xampp\htdocs\offitec\vendor\laravel\framework\src\Illuminate\View\Engines\CompilerEngine.php(56): Illuminate\View\Engines\PhpEngine->evaluatePath('C:\\xampp\\htdocs...', Array)
#14 C:\xampp\htdocs\offitec\bootstrap\compiled.php(9746): Illuminate\View\Engines\CompilerEngine->get('C:\\xampp\\htdocs...', Array)
#15 C:\xampp\htdocs\offitec\bootstrap\compiled.php(9733): Illuminate\View\View->getContents()
#16 C:\xampp\htdocs\offitec\bootstrap\compiled.php(9724): Illuminate\View\View->renderContents()
#17 C:\xampp\htdocs\offitec\bootstrap\compiled.php(10426): Illuminate\View\View->render()
#18 C:\xampp\htdocs\offitec\bootstrap\compiled.php(9956): Illuminate\Http\Response->setContent(Object(Illuminate\View\View))
#19 C:\xampp\htdocs\offitec\bootstrap\compiled.php(5246): Symfony\Component\HttpFoundation\Response->__construct(Object(Illuminate\View\View))
#20 C:\xampp\htdocs\offitec\bootstrap\compiled.php(5055): Illuminate\Routing\Router->prepareResponse(Object(Illuminate\Http\Request), Object(Illuminate\View\View))
#21 C:\xampp\htdocs\offitec\bootstrap\compiled.php(5041): Illuminate\Routing\Router->dispatchToRoute(Object(Illuminate\Http\Request))
#22 C:\xampp\htdocs\offitec\bootstrap\compiled.php(715): Illuminate\Routing\Router->dispatch(Object(Illuminate\Http\Request))
#23 C:\xampp\htdocs\offitec\bootstrap\compiled.php(696): Illuminate\Foundation\Application->dispatch(Object(Illuminate\Http\Request))
#24 C:\xampp\htdocs\offitec\bootstrap\compiled.php(7813): Illuminate\Foundation\Application->handle(Object(Illuminate\Http\Request), 1, true)
#25 C:\xampp\htdocs\offitec\bootstrap\compiled.php(8420): Illuminate\Session\Middleware->handle(Object(Illuminate\Http\Request), 1, true)
#26 C:\xampp\htdocs\offitec\bootstrap\compiled.php(8367): Illuminate\Cookie\Queue->handle(Object(Illuminate\Http\Request), 1, true)
#27 C:\xampp\htdocs\offitec\bootstrap\compiled.php(11030): Illuminate\Cookie\Guard->handle(Object(Illuminate\Http\Request), 1, true)
#28 C:\xampp\htdocs\offitec\bootstrap\compiled.php(657): Stack\StackedHttpKernel->handle(Object(Illuminate\Http\Request))
#29 C:\xampp\htdocs\offitec\public\index.php(49): Illuminate\Foundation\Application->run()
#30 {main}

Next exception 'ErrorException' with message 'Array to string conversion (View: C:\xampp\htdocs\offitec\app\views\producto\listado.blade.php) (View: C:\xampp\htdocs\offitec\app\views\producto\listado.blade.php)' in C:\xampp\htdocs\offitec\app\storage\views\b1147ba1be3ebd605c0726d7098ed051:39
Stack trace:
#0 C:\xampp\htdocs\offitec\bootstrap\compiled.php(9870): Illuminate\View\Engines\CompilerEngine->handleViewException(Object(ErrorException), 1)
#1 C:\xampp\htdocs\offitec\vendor\laravel\framework\src\Illuminate\View\Engines\CompilerEngine.php(56): Illuminate\View\Engines\PhpEngine->evaluatePath('C:\\xampp\\htdocs...', Array)
#2 C:\xampp\htdocs\offitec\bootstrap\compiled.php(9746): Illuminate\View\Engines\CompilerEngine->get('C:\\xampp\\htdocs...', Array)
#3 C:\xampp\htdocs\offitec\bootstrap\compiled.php(9733): Illuminate\View\View->getContents()
#4 C:\xampp\htdocs\offitec\bootstrap\compiled.php(9724): Illuminate\View\View->renderContents()
#5 C:\xampp\htdocs\offitec\app\storage\views\876a4ae96c1d8adff622eed88cf3e919(49): Illuminate\View\View->render()
#6 C:\xampp\htdocs\offitec\bootstrap\compiled.php(9868): include('C:\\xampp\\htdocs...')
#7 C:\xampp\htdocs\offitec\vendor\laravel\framework\src\Illuminate\View\Engines\CompilerEngine.php(56): Illuminate\View\Engines\PhpEngine->evaluatePath('C:\\xampp\\htdocs...', Array)
#8 C:\xampp\htdocs\offitec\bootstrap\compiled.php(9746): Illuminate\View\Engines\CompilerEngine->get('C:\\xampp\\htdocs...', Array)
#9 C:\xampp\htdocs\offitec\bootstrap\compiled.php(9733): Illuminate\View\View->getContents()
#10 C:\xampp\htdocs\offitec\bootstrap\compiled.php(9724): Illuminate\View\View->renderContents()
#11 C:\xampp\htdocs\offitec\bootstrap\compiled.php(10426): Illuminate\View\View->render()
#12 C:\xampp\htdocs\offitec\bootstrap\compiled.php(9956): Illuminate\Http\Response->setContent(Object(Illuminate\View\View))
#13 C:\xampp\htdocs\offitec\bootstrap\compiled.php(5246): Symfony\Component\HttpFoundation\Response->__construct(Object(Illuminate\View\View))
#14 C:\xampp\htdocs\offitec\bootstrap\compiled.php(5055): Illuminate\Routing\Router->prepareResponse(Object(Illuminate\Http\Request), Object(Illuminate\View\View))
#15 C:\xampp\htdocs\offitec\bootstrap\compiled.php(5041): Illuminate\Routing\Router->dispatchToRoute(Object(Illuminate\Http\Request))
#16 C:\xampp\htdocs\offitec\bootstrap\compiled.php(715): Illuminate\Routing\Router->dispatch(Object(Illuminate\Http\Request))
#17 C:\xampp\htdocs\offitec\bootstrap\compiled.php(696): Illuminate\Foundation\Application->dispatch(Object(Illuminate\Http\Request))
#18 C:\xampp\htdocs\offitec\bootstrap\compiled.php(7813): Illuminate\Foundation\Application->handle(Object(Illuminate\Http\Request), 1, true)
#19 C:\xampp\htdocs\offitec\bootstrap\compiled.php(8420): Illuminate\Session\Middleware->handle(Object(Illuminate\Http\Request), 1, true)
#20 C:\xampp\htdocs\offitec\bootstrap\compiled.php(8367): Illuminate\Cookie\Queue->handle(Object(Illuminate\Http\Request), 1, true)
#21 C:\xampp\htdocs\offitec\bootstrap\compiled.php(11030): Illuminate\Cookie\Guard->handle(Object(Illuminate\Http\Request), 1, true)
#22 C:\xampp\htdocs\offitec\bootstrap\compiled.php(657): Stack\StackedHttpKernel->handle(Object(Illuminate\Http\Request))
#23 C:\xampp\htdocs\offitec\public\index.php(49): Illuminate\Foundation\Application->run()
#24 {main}

Next exception 'ErrorException' with message 'Array to string conversion (View: C:\xampp\htdocs\offitec\app\views\producto\listado.blade.php) (View: C:\xampp\htdocs\offitec\app\views\producto\listado.blade.php) (View: C:\xampp\htdocs\offitec\app\views\producto\listado.blade.php)' in C:\xampp\htdocs\offitec\app\storage\views\b1147ba1be3ebd605c0726d7098ed051:39
Stack trace:
#0 C:\xampp\htdocs\offitec\bootstrap\compiled.php(9870): Illuminate\View\Engines\CompilerEngine->handleViewException(Object(ErrorException), 1)
#1 C:\xampp\htdocs\offitec\vendor\laravel\framework\src\Illuminate\View\Engines\CompilerEngine.php(56): Illuminate\View\Engines\PhpEngine->evaluatePath('C:\\xampp\\htdocs...', Array)
#2 C:\xampp\htdocs\offitec\bootstrap\compiled.php(9746): Illuminate\View\Engines\CompilerEngine->get('C:\\xampp\\htdocs...', Array)
#3 C:\xampp\htdocs\offitec\bootstrap\compiled.php(9733): Illuminate\View\View->getContents()
#4 C:\xampp\htdocs\offitec\bootstrap\compiled.php(9724): Illuminate\View\View->renderContents()
#5 C:\xampp\htdocs\offitec\bootstrap\compiled.php(10426): Illuminate\View\View->render()
#6 C:\xampp\htdocs\offitec\bootstrap\compiled.php(9956): Illuminate\Http\Response->setContent(Object(Illuminate\View\View))
#7 C:\xampp\htdocs\offitec\bootstrap\compiled.php(5246): Symfony\Component\HttpFoundation\Response->__construct(Object(Illuminate\View\View))
#8 C:\xampp\htdocs\offitec\bootstrap\compiled.php(5055): Illuminate\Routing\Router->prepareResponse(Object(Illuminate\Http\Request), Object(Illuminate\View\View))
#9 C:\xampp\htdocs\offitec\bootstrap\compiled.php(5041): Illuminate\Routing\Router->dispatchToRoute(Object(Illuminate\Http\Request))
#10 C:\xampp\htdocs\offitec\bootstrap\compiled.php(715): Illuminate\Routing\Router->dispatch(Object(Illuminate\Http\Request))
#11 C:\xampp\htdocs\offitec\bootstrap\compiled.php(696): Illuminate\Foundation\Application->dispatch(Object(Illuminate\Http\Request))
#12 C:\xampp\htdocs\offitec\bootstrap\compiled.php(7813): Illuminate\Foundation\Application->handle(Object(Illuminate\Http\Request), 1, true)
#13 C:\xampp\htdocs\offitec\bootstrap\compiled.php(8420): Illuminate\Session\Middleware->handle(Object(Illuminate\Http\Request), 1, true)
#14 C:\xampp\htdocs\offitec\bootstrap\compiled.php(8367): Illuminate\Cookie\Queue->handle(Object(Illuminate\Http\Request), 1, true)
#15 C:\xampp\htdocs\offitec\bootstrap\compiled.php(11030): Illuminate\Cookie\Guard->handle(Object(Illuminate\Http\Request), 1, true)
#16 C:\xampp\htdocs\offitec\bootstrap\compiled.php(657): Stack\StackedHttpKernel->handle(Object(Illuminate\Http\Request))
#17 C:\xampp\htdocs\offitec\public\index.php(49): Illuminate\Foundation\Application->run()
#18 {main} [] []
[2015-04-27 13:14:57] production.ERROR: exception 'ErrorException' with message 'Undefined variable: items_destacados' in C:\xampp\htdocs\offitec\app\controllers\HomeController.php:9
Stack trace:
#0 C:\xampp\htdocs\offitec\app\controllers\HomeController.php(9): Illuminate\Exception\Handler->handleError(8, 'Undefined varia...', 'C:\\xampp\\htdocs...', 9, Array)
#1 [internal function]: HomeController->inicio()
#2 C:\xampp\htdocs\offitec\vendor\laravel\framework\src\Illuminate\Routing\Controller.php(231): call_user_func_array(Array, Array)
#3 C:\xampp\htdocs\offitec\bootstrap\compiled.php(5835): Illuminate\Routing\Controller->callAction('inicio', Array)
#4 C:\xampp\htdocs\offitec\bootstrap\compiled.php(5823): Illuminate\Routing\ControllerDispatcher->call(Object(HomeController), Object(Illuminate\Routing\Route), 'inicio')
#5 C:\xampp\htdocs\offitec\bootstrap\compiled.php(5028): Illuminate\Routing\ControllerDispatcher->dispatch(Object(Illuminate\Routing\Route), Object(Illuminate\Http\Request), 'HomeController', 'inicio')
#6 [internal function]: Illuminate\Routing\Router->Illuminate\Routing\{closure}()
#7 C:\xampp\htdocs\offitec\bootstrap\compiled.php(5386): call_user_func_array(Object(Closure), Array)
#8 C:\xampp\htdocs\offitec\bootstrap\compiled.php(5053): Illuminate\Routing\Route->run(Object(Illuminate\Http\Request))
#9 C:\xampp\htdocs\offitec\bootstrap\compiled.php(5041): Illuminate\Routing\Router->dispatchToRoute(Object(Illuminate\Http\Request))
#10 C:\xampp\htdocs\offitec\bootstrap\compiled.php(715): Illuminate\Routing\Router->dispatch(Object(Illuminate\Http\Request))
#11 C:\xampp\htdocs\offitec\bootstrap\compiled.php(696): Illuminate\Foundation\Application->dispatch(Object(Illuminate\Http\Request))
#12 C:\xampp\htdocs\offitec\bootstrap\compiled.php(7813): Illuminate\Foundation\Application->handle(Object(Illuminate\Http\Request), 1, true)
#13 C:\xampp\htdocs\offitec\bootstrap\compiled.php(8420): Illuminate\Session\Middleware->handle(Object(Illuminate\Http\Request), 1, true)
#14 C:\xampp\htdocs\offitec\bootstrap\compiled.php(8367): Illuminate\Cookie\Queue->handle(Object(Illuminate\Http\Request), 1, true)
#15 C:\xampp\htdocs\offitec\bootstrap\compiled.php(11030): Illuminate\Cookie\Guard->handle(Object(Illuminate\Http\Request), 1, true)
#16 C:\xampp\htdocs\offitec\bootstrap\compiled.php(657): Stack\StackedHttpKernel->handle(Object(Illuminate\Http\Request))
#17 C:\xampp\htdocs\offitec\public\index.php(49): Illuminate\Foundation\Application->run()
#18 {main} [] []
[2015-04-27 13:18:40] production.ERROR: exception 'ErrorException' with message 'Undefined variable: items_destacados' in C:\xampp\htdocs\offitec\app\storage\views\45f11c4ef781293dea0f905c0f353826:6
Stack trace:
#0 C:\xampp\htdocs\offitec\app\storage\views\45f11c4ef781293dea0f905c0f353826(6): Illuminate\Exception\Handler->handleError(8, 'Undefined varia...', 'C:\\xampp\\htdocs...', 6, Array)
#1 C:\xampp\htdocs\offitec\bootstrap\compiled.php(9868): include('C:\\xampp\\htdocs...')
#2 C:\xampp\htdocs\offitec\vendor\laravel\framework\src\Illuminate\View\Engines\CompilerEngine.php(56): Illuminate\View\Engines\PhpEngine->evaluatePath('C:\\xampp\\htdocs...', Array)
#3 C:\xampp\htdocs\offitec\bootstrap\compiled.php(9746): Illuminate\View\Engines\CompilerEngine->get('C:\\xampp\\htdocs...', Array)
#4 C:\xampp\htdocs\offitec\bootstrap\compiled.php(9733): Illuminate\View\View->getContents()
#5 C:\xampp\htdocs\offitec\bootstrap\compiled.php(9724): Illuminate\View\View->renderContents()
#6 C:\xampp\htdocs\offitec\bootstrap\compiled.php(10426): Illuminate\View\View->render()
#7 C:\xampp\htdocs\offitec\bootstrap\compiled.php(9956): Illuminate\Http\Response->setContent(Object(Illuminate\View\View))
#8 C:\xampp\htdocs\offitec\bootstrap\compiled.php(5246): Symfony\Component\HttpFoundation\Response->__construct(Object(Illuminate\View\View))
#9 C:\xampp\htdocs\offitec\bootstrap\compiled.php(5055): Illuminate\Routing\Router->prepareResponse(Object(Illuminate\Http\Request), Object(Illuminate\View\View))
#10 C:\xampp\htdocs\offitec\bootstrap\compiled.php(5041): Illuminate\Routing\Router->dispatchToRoute(Object(Illuminate\Http\Request))
#11 C:\xampp\htdocs\offitec\bootstrap\compiled.php(715): Illuminate\Routing\Router->dispatch(Object(Illuminate\Http\Request))
#12 C:\xampp\htdocs\offitec\bootstrap\compiled.php(696): Illuminate\Foundation\Application->dispatch(Object(Illuminate\Http\Request))
#13 C:\xampp\htdocs\offitec\bootstrap\compiled.php(7813): Illuminate\Foundation\Application->handle(Object(Illuminate\Http\Request), 1, true)
#14 C:\xampp\htdocs\offitec\bootstrap\compiled.php(8420): Illuminate\Session\Middleware->handle(Object(Illuminate\Http\Request), 1, true)
#15 C:\xampp\htdocs\offitec\bootstrap\compiled.php(8367): Illuminate\Cookie\Queue->handle(Object(Illuminate\Http\Request), 1, true)
#16 C:\xampp\htdocs\offitec\bootstrap\compiled.php(11030): Illuminate\Cookie\Guard->handle(Object(Illuminate\Http\Request), 1, true)
#17 C:\xampp\htdocs\offitec\bootstrap\compiled.php(657): Stack\StackedHttpKernel->handle(Object(Illuminate\Http\Request))
#18 C:\xampp\htdocs\offitec\public\index.php(49): Illuminate\Foundation\Application->run()
#19 {main}

Next exception 'ErrorException' with message 'Undefined variable: items_destacados (View: C:\xampp\htdocs\offitec\app\views\tc-inicio.blade.php)' in C:\xampp\htdocs\offitec\app\storage\views\45f11c4ef781293dea0f905c0f353826:6
Stack trace:
#0 C:\xampp\htdocs\offitec\bootstrap\compiled.php(9870): Illuminate\View\Engines\CompilerEngine->handleViewException(Object(ErrorException), 1)
#1 C:\xampp\htdocs\offitec\vendor\laravel\framework\src\Illuminate\View\Engines\CompilerEngine.php(56): Illuminate\View\Engines\PhpEngine->evaluatePath('C:\\xampp\\htdocs...', Array)
#2 C:\xampp\htdocs\offitec\bootstrap\compiled.php(9746): Illuminate\View\Engines\CompilerEngine->get('C:\\xampp\\htdocs...', Array)
#3 C:\xampp\htdocs\offitec\bootstrap\compiled.php(9733): Illuminate\View\View->getContents()
#4 C:\xampp\htdocs\offitec\bootstrap\compiled.php(9724): Illuminate\View\View->renderContents()
#5 C:\xampp\htdocs\offitec\bootstrap\compiled.php(10426): Illuminate\View\View->render()
#6 C:\xampp\htdocs\offitec\bootstrap\compiled.php(9956): Illuminate\Http\Response->setContent(Object(Illuminate\View\View))
#7 C:\xampp\htdocs\offitec\bootstrap\compiled.php(5246): Symfony\Component\HttpFoundation\Response->__construct(Object(Illuminate\View\View))
#8 C:\xampp\htdocs\offitec\bootstrap\compiled.php(5055): Illuminate\Routing\Router->prepareResponse(Object(Illuminate\Http\Request), Object(Illuminate\View\View))
#9 C:\xampp\htdocs\offitec\bootstrap\compiled.php(5041): Illuminate\Routing\Router->dispatchToRoute(Object(Illuminate\Http\Request))
#10 C:\xampp\htdocs\offitec\bootstrap\compiled.php(715): Illuminate\Routing\Router->dispatch(Object(Illuminate\Http\Request))
#11 C:\xampp\htdocs\offitec\bootstrap\compiled.php(696): Illuminate\Foundation\Application->dispatch(Object(Illuminate\Http\Request))
#12 C:\xampp\htdocs\offitec\bootstrap\compiled.php(7813): Illuminate\Foundation\Application->handle(Object(Illuminate\Http\Request), 1, true)
#13 C:\xampp\htdocs\offitec\bootstrap\compiled.php(8420): Illuminate\Session\Middleware->handle(Object(Illuminate\Http\Request), 1, true)
#14 C:\xampp\htdocs\offitec\bootstrap\compiled.php(8367): Illuminate\Cookie\Queue->handle(Object(Illuminate\Http\Request), 1, true)
#15 C:\xampp\htdocs\offitec\bootstrap\compiled.php(11030): Illuminate\Cookie\Guard->handle(Object(Illuminate\Http\Request), 1, true)
#16 C:\xampp\htdocs\offitec\bootstrap\compiled.php(657): Stack\StackedHttpKernel->handle(Object(Illuminate\Http\Request))
#17 C:\xampp\htdocs\offitec\public\index.php(49): Illuminate\Foundation\Application->run()
#18 {main} [] []
